<?xml version="1.0" encoding="UTF-8"?>
<!-- Generated by org.testng.reporters.JUnitReportReporter -->
<testsuite hostname="DESKTOP-PP8RICL" failures="0" tests="1" name="testCases.TC002_VerifyPurchaseJourneyWithStandardUser" time="2.894" errors="0" timestamp="2024-10-31T22:11:12 BDT" skipped="0">
  <testcase classname="testCases.TC002_VerifyPurchaseJourneyWithStandardUser" name="verifyPurchaseJourneyWithStandardUser_TC002" time="2.894"/>
</testsuite> <!-- testCases.TC002_VerifyPurchaseJourneyWithStandardUser -->
