<?xml version="1.0" encoding="UTF-8"?>
<!-- Generated by org.testng.reporters.JUnitReportReporter -->
<testsuite hostname="DESKTOP-PP8RICL" failures="0" tests="1" name="testCases.TC002_VerifyPurchaseJourneyWithStandardUser" time="2.447" errors="0" timestamp="2024-10-30T22:20:55 BDT" skipped="0">
  <testcase classname="testCases.TC002_VerifyPurchaseJourneyWithStandardUser" name="verifyPurchaseJourneyWithStandardUser_TC002" time="2.447"/>
</testsuite> <!-- testCases.TC002_VerifyPurchaseJourneyWithStandardUser -->
