<?xml version="1.0" encoding="UTF-8"?>
<!-- Generated by org.testng.reporters.JUnitReportReporter -->
<testsuite hostname="DESKTOP-PP8RICL" failures="0" tests="1" name="testCases.TC001_VerifyLoginWithLockedOutUser" time="0.438" errors="0" timestamp="2024-11-02T16:47:08 BDT" skipped="0">
  <testcase classname="testCases.TC001_VerifyLoginWithLockedOutUser" name="verifyLoginWithLockedOutUser_TC001" time="0.438"/>
</testsuite> <!-- testCases.TC001_VerifyLoginWithLockedOutUser -->
