<?xml version="1.0" encoding="UTF-8"?>
<!-- Generated by org.testng.reporters.JUnitReportReporter -->
<testsuite hostname="DESKTOP-PP8RICL" failures="0" tests="1" name="testCases.TC003_VerifyPurchaseJourneyWithPerformanceGlitchUser" time="27.195" errors="0" timestamp="2024-10-30T22:20:55 BDT" skipped="0">
  <testcase classname="testCases.TC003_VerifyPurchaseJourneyWithPerformanceGlitchUser" name="verifyPurchaseJourneyWithPerformanceGlitchUser_TC003" time="27.195"/>
</testsuite> <!-- testCases.TC003_VerifyPurchaseJourneyWithPerformanceGlitchUser -->
