<?xml version="1.0" encoding="UTF-8"?>
<!-- Generated by org.testng.reporters.JUnitReportReporter -->
<testsuite hostname="DESKTOP-PP8RICL" failures="0" tests="1" name="testCases.TC002_VerifyPurchaseJourneyWithStandardUser" time="3.295" errors="0" timestamp="2024-10-28T06:12:25 BDT" skipped="0">
  <testcase classname="testCases.TC002_VerifyPurchaseJourneyWithStandardUser" name="verifyPurchaseJourneyWithStandardUser" time="3.295"/>
</testsuite> <!-- testCases.TC002_VerifyPurchaseJourneyWithStandardUser -->
