<?xml version="1.0" encoding="UTF-8"?>
<!-- Generated by org.testng.reporters.JUnitReportReporter -->
<testsuite hostname="DESKTOP-PP8RICL" failures="0" tests="1" name="testCases.TC003_VerifyPurchaseJourneyWithPerformanceGlitchUser" time="22.583" errors="0" timestamp="2024-10-28T06:12:25 BDT" skipped="0">
  <testcase classname="testCases.TC003_VerifyPurchaseJourneyWithPerformanceGlitchUser" name="verifyPurchaseJourneyWithPerformanceGlitchUser_TC003" time="22.583"/>
</testsuite> <!-- testCases.TC003_VerifyPurchaseJourneyWithPerformanceGlitchUser -->
