<?xml version="1.0" encoding="UTF-8"?>
<!-- Generated by org.testng.reporters.JUnitReportReporter -->
<testsuite hostname="DESKTOP-PP8RICL" failures="0" tests="1" name="testCases.TC001_VerifyLoginWithLockedOutUser" time="0.603" errors="0" timestamp="2024-10-28T06:12:25 BDT" skipped="0">
  <testcase classname="testCases.TC001_VerifyLoginWithLockedOutUser" name="verifyLoginWithLockedOutUser" time="0.603"/>
</testsuite> <!-- testCases.TC001_VerifyLoginWithLockedOutUser -->
